[    0.000000] Initializing cgroup subsys cpuset
[    0.000000] Initializing cgroup subsys cpu
[    0.000000] Initializing cgroup subsys cpuacct
[    0.000000] Linux version 4.4.0-210-generic (buildd@lgw01-amd64-009) (gcc version 5.4.0 20160609 (Ubuntu 5.4.0-6ubuntu1~16.04.12) ) #242-Ubuntu SMP Fri Apr 16 09:57:56 UTC 2021 (Ubuntu 4.4.0-210.242-generic 4.4.262)
[    0.000000] Command line: BOOT_IMAGE=/boot/vmlinuz-4.4.0-210-generic root=LABEL=cloudimg-rootfs ro console=tty1 console=ttyS0
[    0.000000] KERNEL supported cpus:
[    0.000000]   Intel GenuineIntel
[    0.000000]   AMD AuthenticAMD
[    0.000000]   Centaur CentaurHauls
[    0.000000] x86/fpu: Legacy x87 FPU detected.
[    0.000000] e820: BIOS-provided physical RAM map:
[    0.000000] BIOS-e820: [mem 0x0000000000000000-0x000000000009fbff] usable
[    0.000000] BIOS-e820: [mem 0x000000000009fc00-0x000000000009ffff] reserved
[    0.000000] BIOS-e820: [mem 0x00000000000f0000-0x00000000000fffff] reserved
[    0.000000] BIOS-e820: [mem 0x0000000000100000-0x000000003ffeffff] usable
[    0.000000] BIOS-e820: [mem 0x000000003fff0000-0x000000003fffffff] ACPI data
[    0.000000] BIOS-e820: [mem 0x00000000fec00000-0x00000000fec00fff] reserved
[    0.000000] BIOS-e820: [mem 0x00000000fee00000-0x00000000fee00fff] reserved
[    0.000000] BIOS-e820: [mem 0x00000000fffc0000-0x00000000ffffffff] reserved
[    0.000000] NX (Execute Disable) protection: active
[    0.000000] SMBIOS 2.5 present.
[    0.000000] Hypervisor detected: KVM
[    0.000000] Kernel/User page tables isolation: disabled
[    0.000000] e820: last_pfn = 0x3fff0 max_arch_pfn = 0x400000000
[    0.000000] MTRR: Disabled
[    0.000000] x86/PAT: MTRRs disabled, skipping PAT initialization too.
[    0.000000] CPU MTRRs all blank - virtualized system.
[    0.000000] x86/PAT: Configuration [0-7]: WB  WT  UC- UC  WB  WT  UC- UC  
[    0.000000] found SMP MP-table at [mem 0x0009fff0-0x0009ffff] mapped at [ffff88000009fff0]
[    0.000000] Scanning 1 areas for low memory corruption
[    0.000000] RAMDISK: [mem 0x362dc000-0x37165fff]
[    0.000000] ACPI: Early table checksum verification disabled
[    0.000000] ACPI: RSDP 0x00000000000E0000 000024 (v02 VBOX  )
[    0.000000] ACPI: XSDT 0x000000003FFF0030 00003C (v01 VBOX   VBOXXSDT 00000001 ASL  00000061)
[    0.000000] ACPI: FACP 0x000000003FFF00F0 0000F4 (v04 VBOX   VBOXFACP 00000001 ASL  00000061)
[    0.000000] ACPI: DSDT 0x000000003FFF0610 002353 (v02 VBOX   VBOXBIOS 00000002 INTL 20100528)
[    0.000000] ACPI: FACS 0x000000003FFF0200 000040
[    0.000000] ACPI: FACS 0x000000003FFF0200 000040
[    0.000000] ACPI: APIC 0x000000003FFF0240 00005C (v02 VBOX   VBOXAPIC 00000001 ASL  00000061)
[    0.000000] ACPI: SSDT 0x000000003FFF02A0 00036C (v01 VBOX   VBOXCPUT 00000002 INTL 20100528)
[    0.000000] No NUMA configuration found
[    0.000000] Faking a node at [mem 0x0000000000000000-0x000000003ffeffff]
[    0.000000] NODE_DATA(0) allocated [mem 0x3ffeb000-0x3ffeffff]
[    0.000000] kvm-clock: Using msrs 4b564d01 and 4b564d00
[    0.000000] kvm-clock: cpu 0, msr 0:3ffe3001, primary cpu clock
[    0.000000] kvm-clock: using sched offset of 3397861940 cycles
[    0.000000] clocksource: kvm-clock: mask: 0xffffffffffffffff max_cycles: 0x1cd42e4dffb, max_idle_ns: 881590591483 ns
[    0.000000] Zone ranges:
[    0.000000]   DMA      [mem 0x0000000000001000-0x0000000000ffffff]
[    0.000000]   DMA32    [mem 0x0000000001000000-0x000000003ffeffff]
[    0.000000]   Normal   empty
[    0.000000]   Device   empty
[    0.000000] Movable zone start for each node
[    0.000000] Early memory node ranges
[    0.000000]   node   0: [mem 0x0000000000001000-0x000000000009efff]
[    0.000000]   node   0: [mem 0x0000000000100000-0x000000003ffeffff]
[    0.000000] Initmem setup node 0 [mem 0x0000000000001000-0x000000003ffeffff]
[    0.000000] ACPI: PM-Timer IO Port: 0x4008
[    0.000000] IOAPIC[0]: apic_id 2, version 32, address 0xfec00000, GSI 0-23
[    0.000000] ACPI: INT_SRC_OVR (bus 0 bus_irq 0 global_irq 2 dfl dfl)
[    0.000000] ACPI: INT_SRC_OVR (bus 0 bus_irq 9 global_irq 9 low level)
[    0.000000] Using ACPI (MADT) for SMP configuration information
[    0.000000] smpboot: Allowing 2 CPUs, 0 hotplug CPUs
[    0.000000] PM: Registered nosave memory: [mem 0x00000000-0x00000fff]
[    0.000000] PM: Registered nosave memory: [mem 0x0009f000-0x0009ffff]
[    0.000000] PM: Registered nosave memory: [mem 0x000a0000-0x000effff]
[    0.000000] PM: Registered nosave memory: [mem 0x000f0000-0x000fffff]
[    0.000000] e820: [mem 0x40000000-0xfebfffff] available for PCI devices
[    0.000000] Booting paravirtualized kernel on KVM
[    0.000000] clocksource: refined-jiffies: mask: 0xffffffff max_cycles: 0xffffffff, max_idle_ns: 7645519600211568 ns
[    0.000000] setup_percpu: NR_CPUS:512 nr_cpumask_bits:512 nr_cpu_ids:2 nr_node_ids:1
[    0.000000] PERCPU: Embedded 33 pages/cpu @ffff88003fc00000 s95192 r8192 d31784 u1048576
[    0.000000] Built 1 zonelists in Node order, mobility grouping on.  Total pages: 257912
[    0.000000] Policy zone: DMA32
[    0.000000] Kernel command line: BOOT_IMAGE=/boot/vmlinuz-4.4.0-210-generic root=LABEL=cloudimg-rootfs ro console=tty1 console=ttyS0
[    0.000000] PID hash table entries: 4096 (order: 3, 32768 bytes)
[    0.000000] Memory: 997792K/1048120K available (8644K kernel code, 1332K rwdata, 4044K rodata, 1492K init, 1164K bss, 50328K reserved, 0K cma-reserved)
[    0.000000] SLUB: HWalign=64, Order=0-3, MinObjects=0, CPUs=2, Nodes=1
[    0.000000] Hierarchical RCU implementation.
[    0.000000] 	Build-time adjustment of leaf fanout to 64.
[    0.000000] 	RCU restricting CPUs from NR_CPUS=512 to nr_cpu_ids=2.
[    0.000000] RCU: Adjusting geometry for rcu_fanout_leaf=64, nr_cpu_ids=2
[    0.000000] NR_IRQS:33024 nr_irqs:440 16
[    0.000000] Console: colour VGA+ 80x25
[    0.000000] console [tty1] enabled
[    0.000000] console [ttyS0] enabled
[    0.000000] tsc: Detected 2112.004 MHz processor
[    0.463512] Calibrating delay loop (skipped) preset value.. 4224.00 BogoMIPS (lpj=8448016)
[    0.469811] pid_max: default: 32768 minimum: 301
[    0.473243] ACPI: Core revision 20150930
[    0.477293] ACPI: 2 ACPI AML tables successfully acquired and loaded
[    0.482648] Security Framework initialized
[    0.485844] Yama: becoming mindful.
[    0.488721] AppArmor: AppArmor initialized
[    0.492002] Dentry cache hash table entries: 131072 (order: 8, 1048576 bytes)
[    0.501237] Inode-cache hash table entries: 65536 (order: 7, 524288 bytes)
[    0.509207] Mount-cache hash table entries: 2048 (order: 2, 16384 bytes)
[    0.514270] Mountpoint-cache hash table entries: 2048 (order: 2, 16384 bytes)
[    0.523818] Initializing cgroup subsys io
[    0.527031] Initializing cgroup subsys memory
[    0.530506] Initializing cgroup subsys devices
[    0.534072] Initializing cgroup subsys freezer
[    0.538618] Initializing cgroup subsys net_cls
[    0.542213] Initializing cgroup subsys perf_event
[    0.546183] Initializing cgroup subsys net_prio
[    0.551459] Initializing cgroup subsys hugetlb
[    0.555851] Initializing cgroup subsys pids
[    0.573877] mce: CPU supports 0 MCE banks
[    0.578543] Last level iTLB entries: 4KB 64, 2MB 8, 4MB 8
[    0.584427] Last level dTLB entries: 4KB 64, 2MB 0, 4MB 0, 1GB 4
[    0.591791] Spectre V1 : Mitigation: usercopy/swapgs barriers and __user pointer sanitization
[    0.599838] Spectre V2 : Mitigation: Enhanced IBRS
[    0.605450] Spectre V2 : Spectre v2 / SpectreRSB mitigation: Filling RSB on context switch
[    0.613902] Speculative Store Bypass: Vulnerable
[    0.617523] SRBDS: Mitigation: TSX disabled
[    0.652418] Freeing SMP alternatives memory: 36K
[    0.721640] ftrace: allocating 32380 entries in 127 pages
[    1.177684] smpboot: APIC(0) Converting physical 0 to logical package 0
[    1.185415] smpboot: Max logical packages: 1
[    1.200662] ..TIMER: vector=0x30 apic1=0 pin1=2 apic2=-1 pin2=-1
[    1.314287] smpboot: CPU0: Intel(R) Core(TM) i5-10210U CPU @ 1.60GHz (family: 0x6, model: 0x8e, stepping: 0xc)
[    1.322556] Performance Events: unsupported p6 CPU model 142 no PMU driver, software events only.
[    1.398963] KVM setup paravirtual spinlock
[    1.404477] x86: Booting SMP configuration:
[    1.408123] .... node  #0, CPUs:      #1
[    1.412307] kvm-clock: cpu 1, msr 0:3ffe3041, secondary cpu clock
[    1.429255] mce: CPU supports 0 MCE banks
[    1.433468] TSC synchronization [CPU#0 -> CPU#1]:
[    1.436966] Measured 58123 cycles TSC warp between CPUs, turning off TSC clock.
[    1.442110] tsc: Marking TSC unstable due to check_tsc_sync_source failed
[    0.465869] x86: Booted up 1 node, 2 CPUs
[    0.468003] smpboot: Total of 2 processors activated (8448.01 BogoMIPS)
[    0.476787] devtmpfs: initialized
[    0.481796] evm: security.selinux
[    0.484003] evm: security.SMACK64
[    0.488002] evm: security.SMACK64EXEC
[    0.490706] evm: security.SMACK64TRANSMUTE
[    0.492002] evm: security.SMACK64MMAP
[    0.496002] evm: security.ima
[    0.498242] evm: security.capability
[    0.500259] clocksource: jiffies: mask: 0xffffffff max_cycles: 0xffffffff, max_idle_ns: 7645041785100000 ns
[    0.504104] futex hash table entries: 512 (order: 3, 32768 bytes)
[    0.512160] pinctrl core: initialized pinctrl subsystem
[    0.516358] RTC time: 13:23:46, date: 02/27/23
[    0.520977] NET: Registered protocol family 16
[    0.536005] cpuidle: using governor ladder
[    0.548004] cpuidle: using governor menu
[    0.551467] PCCT header not found.
[    0.552229] ACPI: bus type PCI registered
[    0.556003] acpiphp: ACPI Hot Plug PCI Controller Driver version: 0.5
[    0.560402] PCI: Using configuration type 1 for base access
[    0.584476] ACPI: Added _OSI(Module Device)
[    0.588006] ACPI: Added _OSI(Processor Device)
[    0.592002] ACPI: Added _OSI(3.0 _SCP Extensions)
[    0.596002] ACPI: Added _OSI(Processor Aggregator Device)
[    0.601049] ACPI: Executed 1 blocks of module-level executable AML code
[    0.610823] ACPI: Interpreter enabled
[    0.612009] ACPI: (supports S0 S5)
[    0.616002] ACPI: Using IOAPIC for interrupt routing
[    0.620280] PCI: Using host bridge windows from ACPI; if necessary, use "pci=nocrs" and report a bug
[    0.632872] ACPI: PCI Root Bridge [PCI0] (domain 0000 [bus 00-ff])
[    0.636006] acpi PNP0A03:00: _OSC: OS supports [ASPM ClockPM Segments MSI]
[    0.640553] acpi PNP0A03:00: _OSC: not requesting OS control; OS requires [ExtendedConfig ASPM ClockPM MSI]
[    0.644011] acpi PNP0A03:00: fail to add MMCONFIG information, can't access extended PCI configuration space under this bridge.
[    0.648615] PCI host bridge to bus 0000:00
[    0.651646] pci_bus 0000:00: root bus resource [io  0x0000-0x0cf7 window]
[    0.652003] pci_bus 0000:00: root bus resource [io  0x0d00-0xffff window]
[    0.656006] pci_bus 0000:00: root bus resource [mem 0x000a0000-0x000bffff window]
[    0.660004] pci_bus 0000:00: root bus resource [mem 0x40000000-0xfdffffff window]
[    0.664003] pci_bus 0000:00: root bus resource [bus 00-ff]
[    0.674753] pci 0000:00:01.1: legacy IDE quirk: reg 0x10: [io  0x01f0-0x01f7]
[    0.676002] pci 0000:00:01.1: legacy IDE quirk: reg 0x14: [io  0x03f6]
[    0.680003] pci 0000:00:01.1: legacy IDE quirk: reg 0x18: [io  0x0170-0x0177]
[    0.684003] pci 0000:00:01.1: legacy IDE quirk: reg 0x1c: [io  0x0376]
[    0.708004] pci 0000:00:07.0: quirk: [io  0x4000-0x403f] claimed by PIIX4 ACPI
[    0.712032] pci 0000:00:07.0: quirk: [io  0x4100-0x410f] claimed by PIIX4 SMB
[    0.724857] ACPI: PCI Interrupt Link [LNKA] (IRQs 5 9 10 *11)
[    0.732389] ACPI: PCI Interrupt Link [LNKB] (IRQs 5 9 *10 11)
[    0.741813] ACPI: PCI Interrupt Link [LNKC] (IRQs 5 *9 10 11)
[    0.748056] ACPI: PCI Interrupt Link [LNKD] (IRQs 5 9 10 *11)
[    0.753851] ACPI: Enabled 2 GPEs in block 00 to 07
[    0.756214] vgaarb: setting as boot device: PCI:0000:00:02.0
[    0.760000] vgaarb: device added: PCI:0000:00:02.0,decodes=io+mem,owns=io+mem,locks=none
[    0.760003] vgaarb: loaded
[    0.762108] vgaarb: bridge control possible 0000:00:02.0
[    0.764345] SCSI subsystem initialized
[    0.768177] ACPI: bus type USB registered
[    0.772034] usbcore: registered new interface driver usbfs
[    0.776023] usbcore: registered new interface driver hub
[    0.780008] usbcore: registered new device driver usb
[    0.784451] PCI: Using ACPI for IRQ routing
[    0.788664] NetLabel: Initializing
[    0.792002] NetLabel:  domain hash size = 128
[    0.796001] NetLabel:  protocols = UNLABELED CIPSOv4
[    0.800012] NetLabel:  unlabeled traffic allowed by default
[    0.804137] amd_nb: Cannot enumerate AMD northbridges
[    0.808241] clocksource: Switched to clocksource kvm-clock
[    0.828991] AppArmor: AppArmor Filesystem Enabled
[    0.828991] pnp: PnP ACPI init
[    0.828991] pnp: PnP ACPI: found 3 devices
[    0.883777] clocksource: acpi_pm: mask: 0xffffff max_cycles: 0xffffff, max_idle_ns: 2085701024 ns
[    0.884644] NET: Registered protocol family 2
[    0.895414] TCP established hash table entries: 8192 (order: 4, 65536 bytes)
[    0.898590] TCP bind hash table entries: 8192 (order: 5, 131072 bytes)
[    0.898590] TCP: Hash tables configured (established 8192 bind 8192)
[    0.898590] UDP hash table entries: 512 (order: 2, 16384 bytes)
[    0.898590] UDP-Lite hash table entries: 512 (order: 2, 16384 bytes)
[    0.898590] NET: Registered protocol family 1
[    0.898590] pci 0000:00:00.0: Limiting direct PCI/PCI transfers
[    0.898590] pci 0000:00:01.0: Activating ISA DMA hang workarounds
[    0.898590] Unpacking initramfs...
[    0.898590] Freeing initrd memory: 14888K
[    0.898590] clocksource: tsc: mask: 0xffffffffffffffff max_cycles: 0x1e717c37157, max_idle_ns: 440795284133 ns
[    0.898590] platform rtc_cmos: registered platform RTC device (no PNP device found)
[    0.898590] Scanning for low memory corruption every 60 seconds
[    1.259224] audit: initializing netlink subsys (disabled)
[    1.264728] audit: type=2000 audit(1677504231.907:1): initialized
[    1.270336] Initialise system trusted keyring
[    1.275191] HugeTLB registered 2 MB page size, pre-allocated 0 pages
[    1.281958] zbud: loaded
[    1.285117] VFS: Disk quotas dquot_6.6.0
[    1.288099] VFS: Dquot-cache hash table entries: 512 (order 0, 4096 bytes)
[    1.293640] squashfs: version 4.0 (2009/01/31) Phillip Lougher
[    1.299836] fuse init (API version 7.23)
[    1.303693] Key type big_key registered
[    1.306637] Allocating IMA MOK and blacklist keyrings.
[    1.322523] Key type asymmetric registered
[    1.325695] Asymmetric key parser 'x509' registered
[    1.329789] Block layer SCSI generic (bsg) driver version 0.4 loaded (major 249)
[    1.335895] io scheduler noop registered
[    1.338885] io scheduler deadline registered (default)
[    1.342718] io scheduler cfq registered
[    1.346605] pci_hotplug: PCI Hot Plug PCI Core version: 0.5
[    1.350932] pciehp: PCI Express Hot Plug Controller Driver version: 0.4
[    1.356381] ACPI: AC Adapter [AC] (on-line)
[    1.359781] input: Power Button as /devices/LNXSYSTM:00/LNXPWRBN:00/input/input0
[    1.365802] ACPI: Power Button [PWRF]
[    1.368874] input: Sleep Button as /devices/LNXSYSTM:00/LNXSLPBN:00/input/input1
[    1.374707] ACPI: Sleep Button [SLPF]
[    1.378705] GHES: HEST is not enabled!
[    1.380529] ACPI: Battery Slot [BAT0] (battery present)
[    1.386540] Serial: 8250/16550 driver, 32 ports, IRQ sharing enabled
[    1.416401] 00:02: ttyS0 at I/O 0x3f8 (irq = 4, base_baud = 115200) is a 16550A
[    1.438006] Linux agpgart interface v0.103
[    1.453868] loop: module loaded
[    1.459328] scsi host0: ata_piix
[    1.462947] scsi host1: ata_piix
[    1.465627] ata1: PATA max UDMA/33 cmd 0x1f0 ctl 0x3f6 bmdma 0xd000 irq 14
[    1.469554] ata2: PATA max UDMA/33 cmd 0x170 ctl 0x376 bmdma 0xd008 irq 15
[    1.476256] libphy: Fixed MDIO Bus: probed
[    1.479719] tun: Universal TUN/TAP device driver, 1.6
[    1.483547] tun: (C) 1999-2004 Max Krasnyansky <maxk@qualcomm.com>
[    1.488362] PPP generic driver version 2.4.2
[    1.492244] ehci_hcd: USB 2.0 'Enhanced' Host Controller (EHCI) Driver
[    1.497213] ehci-pci: EHCI PCI platform driver
[    1.500593] ehci-platform: EHCI generic platform driver
[    1.504433] ohci_hcd: USB 1.1 'Open' Host Controller (OHCI) Driver
[    1.508899] ohci-pci: OHCI PCI platform driver
[    1.512288] ohci-platform: OHCI generic platform driver
[    1.515970] uhci_hcd: USB Universal Host Controller Interface driver
[    1.520659] i8042: PNP: PS/2 Controller [PNP0303:PS2K,PNP0f03:PS2M] at 0x60,0x64 irq 1,12
[    1.529496] serio: i8042 KBD port at 0x60,0x64 irq 1
[    1.533152] serio: i8042 AUX port at 0x60,0x64 irq 12
[    1.537938] mousedev: PS/2 mouse device common for all mice
[    1.545836] rtc_cmos rtc_cmos: rtc core: registered rtc_cmos as rtc0
[    1.551082] input: AT Translated Set 2 keyboard as /devices/platform/i8042/serio0/input/input2
[    1.556944] rtc_cmos rtc_cmos: alarms up to one day, 114 bytes nvram
[    1.556960] i2c /dev entries driver
[    1.557047] device-mapper: uevent: version 1.0.3
[    1.557148] device-mapper: ioctl: 4.34.0-ioctl (2015-10-28) initialised: dm-devel@redhat.com
[    1.557165] ledtrig-cpu: registered to indicate activity on CPUs
[    1.558268] NET: Registered protocol family 10
[    1.558414] NET: Registered protocol family 17
[    1.558426] Key type dns_resolver registered
[    1.558723] registered taskstats version 1
[    1.558733] Loading compiled-in X.509 certificates
[    1.559162] Loaded X.509 cert 'Build time autogenerated kernel key: cf00e047681d67edb2720680708b7d9498083038'
[    1.559191] zswap: loaded using pool lzo/zbud
[    1.560845] Key type trusted registered
[    1.563888] Key type encrypted registered
[    1.563894] AppArmor: AppArmor sha1 policy hashing enabled
[    1.563896] ima: No TPM chip found, activating TPM-bypass!
[    1.563911] ima: Allocated hash algorithm: sha1
[    1.563956] evm: HMAC attrs: 0x1
[    1.564595]   Magic number: 11:206:383
[    1.565745] rtc_cmos rtc_cmos: setting system clock to 2023-02-27 13:23:47 UTC (1677504227)
[    1.565803] BIOS EDD facility v0.16 2004-Jun-25, 0 devices found
[    1.565804] EDD information not available.
[    1.683561] Freeing unused kernel memory: 1492K
[    1.705199] Write protecting the kernel read-only data: 14336k
[    1.711069] Freeing unused kernel memory: 1584K
[    1.714854] Freeing unused kernel memory: 52K
Loading, please wait...
starting version 229
[    1.742353] random: systemd-udevd: uninitialized urandom read (16 bytes read, 9 bits of entropy available)
[    1.743253] random: udevadm: uninitialized urandom read (16 bytes read, 9 bits of entropy available)
[    1.743301] random: udevadm: uninitialized urandom read (16 bytes read, 9 bits of entropy available)
[    1.751749] random: udevadm: uninitialized urandom read (16 bytes read, 9 bits of entropy available)
[    1.751785] random: udevadm: uninitialized urandom read (16 bytes read, 9 bits of entropy available)
[    1.751909] random: udevadm: uninitialized urandom read (16 bytes read, 9 bits of entropy available)
[    1.751947] random: udevadm: uninitialized urandom read (16 bytes read, 9 bits of entropy available)
[    1.752008] random: udevadm: uninitialized urandom read (16 bytes read, 9 bits of entropy available)
[    1.752086] random: udevadm: uninitialized urandom read (16 bytes read, 9 bits of entropy available)
[    1.752124] random: udevadm: uninitialized urandom read (16 bytes read, 9 bits of entropy available)
[    1.865486] Fusion MPT base driver 3.04.20
[    1.869925] Copyright (c) 1999-2008 LSI Corporation
[    1.876919] e1000: Intel(R) PRO/1000 Network Driver - version 7.3.21-k8-NAPI
[    1.880136] e1000: Copyright (c) 1999-2006 Intel Corporation.
[    1.916125] Fusion MPT SPI Host driver 3.04.20
[    1.926045] SSE version of gcm_enc/dec engaged.
[    2.502333] e1000 0000:00:03.0 eth0: (PCI:33MHz:32-bit) 02:be:82:6b:cc:1d
[    2.508262] e1000 0000:00:03.0 eth0: Intel(R) PRO/1000 Network Connection
[    2.518699] mptbase: ioc0: Initiating bringup
[    2.519482] e1000 0000:00:03.0 enp0s3: renamed from eth0
[    2.544288] input: ImExPS/2 Generic Explorer Mouse as /devices/platform/i8042/serio1/input/input4
[    2.610839] ioc0: LSI53C1030 A0: Capabilities={Initiator}
[    3.129902] scsi host2: ioc0: LSI53C1030 A0, FwRev=00000000h, Ports=1, MaxQ=256, IRQ=20
[    3.616715] scsi 2:0:0:0: Direct-Access     VBOX     HARDDISK         1.0  PQ: 0 ANSI: 5
[    3.623382] scsi target2:0:0: Beginning Domain Validation
[    3.636771] scsi target2:0:0: Domain Validation skipping write tests
[    3.641477] scsi target2:0:0: Ending Domain Validation
[    3.645690] scsi target2:0:0: asynchronous
[    3.653188] scsi 2:0:1:0: Direct-Access     VBOX     HARDDISK         1.0  PQ: 0 ANSI: 5
[    3.657117] scsi target2:0:1: Beginning Domain Validation
[    3.672835] scsi target2:0:1: Domain Validation skipping write tests
[    3.676767] scsi target2:0:1: Ending Domain Validation
[    3.681443] scsi target2:0:1: asynchronous
[    3.709634] sd 2:0:0:0: Attached scsi generic sg0 type 0
[    3.709886] sd 2:0:0:0: [sda] 83886080 512-byte logical blocks: (42.9 GB/40.0 GiB)
[    3.710544] sd 2:0:0:0: [sda] Write Protect is off
[    3.710903] sd 2:0:0:0: [sda] Incomplete mode parameter data
[    3.710904] sd 2:0:0:0: [sda] Assuming drive cache: write through
[    3.713848]  sda: sda1
[    3.715447] sd 2:0:0:0: [sda] Attached SCSI disk
[    3.742458] sd 2:0:1:0: [sdb] 20480 512-byte logical blocks: (10.5 MB/10.0 MiB)
[    3.748907] sd 2:0:1:0: Attached scsi generic sg1 type 0
[    3.749875] sd 2:0:1:0: [sdb] Write Protect is off
[    3.750232] sd 2:0:1:0: [sdb] Incomplete mode parameter data
[    3.750233] sd 2:0:1:0: [sdb] Assuming drive cache: write through
[    3.756389] sd 2:0:1:0: [sdb] Attached SCSI disk
Begin: Loading essential drivers ... [    5.466505] md: linear personality registered for level -1
[    5.489568] md: multipath personality registered for level -4
[    5.501771] md: raid0 personality registered for level 0
[    5.525277] md: raid1 personality registered for level 1
[    5.608553] raid6: sse2x1   gen()  5714 MB/s
[    5.680650] raid6: sse2x1   xor()  4841 MB/s
[    5.752087] raid6: sse2x2   gen()  9048 MB/s
[    5.820494] raid6: sse2x2   xor()  8000 MB/s
[    5.888142] raid6: sse2x4   gen() 11787 MB/s
[    5.960060] raid6: sse2x4   xor()  8882 MB/s
[    5.964440] raid6: using algorithm sse2x4 gen() 11787 MB/s
[    5.968734] raid6: .... xor() 8882 MB/s, rmw enabled
[    5.972786] raid6: using ssse3x2 recovery algorithm
[    5.980540] xor: measuring software checksum speed
[   10.619373]    prefetch64-sse: 1031135.704 MB/sec
[   10.726882]    generic_sse: 49524.000 MB/sec
[   10.731133] xor: using function: prefetch64-sse (1031135.704 MB/sec)
[   10.738798] async_tx: api initialized (async)
[   10.774875] md: raid6 personality registered for level 6
[   10.780153] md: raid5 personality registered for level 5
[   10.784045] md: raid4 personality registered for level 4
[   10.806484] md: raid10 personality registered for level 10
done.
Begin: Running /scripts/init-premount ... done.
Begin: Mounting root file system ... Begin: Running /scripts/local-top ... done.
Begin: Running /scripts/local-premount ... [   10.892302] Btrfs loaded
Scanning for Btrfs filesystems
done.
Warning: fsck not present, so skipping root file system
[   10.952614] EXT4-fs (sda1): mounted filesystem with ordered data mode. Opts: (null)
done.
Begin: Running /scripts/local-bottom ... done.
Begin: Running /scripts/init-bottom ... done.
[   11.134056] systemd[1]: systemd 229 running in system mode. (+PAM +AUDIT +SELINUX +IMA +APPARMOR +SMACK +SYSVINIT +UTMP +LIBCRYPTSETUP +GCRYPT +GNUTLS +ACL +XZ -LZ4 +SECCOMP +BLKID +ELFUTILS +KMOD -IDN)
[   11.147395] systemd[1]: Detected virtualization oracle.
[   11.151439] systemd[1]: Detected architecture x86-64.

Welcome to [1mUbuntu 16.04.7 LTS[0m!

[   11.164611] systemd[1]: Set hostname to <ubuntu>.
[   11.174186] systemd[1]: Initializing machine ID from random generator.
[   11.179407] systemd[1]: Installed transient /etc/machine-id file.
[   11.366508] systemd[1]: Created slice User and Session Slice.
[[0;32m  OK  [0m] Created slice User and Session Slice.
[   11.375885] systemd[1]: Listening on LVM2 poll daemon socket.
[[0;32m  OK  [0m] Listening on LVM2 poll daemon socket.
[   11.386805] systemd[1]: Listening on LVM2 metadata daemon socket.
[[0;32m  OK  [0m] Listening on LVM2 metadata daemon socket.
[   11.397358] systemd[1]: Created slice System Slice.
[[0;32m  OK  [0m] Created slice System Slice.
[   11.405829] systemd[1]: Listening on Journal Audit Socket.
[[0;32m  OK  [0m] Listening on Journal Audit Socket.
[   11.415495] systemd[1]: Listening on Device-mapper event daemon FIFOs.
[[0;32m  OK  [0m] Listening on Device-mapper event daemon FIFOs.
[   11.425823] systemd[1]: Created slice system-serial\x2dgetty.slice.
[[0;32m  OK  [0m] Created slice system-serial\x2dgetty.slice.
[   11.436814] systemd[1]: Listening on udev Kernel Socket.
[[0;32m  OK  [0m] Listening on udev Kernel Socket.
[   11.446089] systemd[1]: Reached target Encrypted Volumes.
[[0;32m  OK  [0m] Reached target Encrypted Volumes.
[   11.455430] systemd[1]: Listening on udev Control Socket.
[[0;32m  OK  [0m] Listening on udev Control Socket.
[   11.464803] systemd[1]: Set up automount Arbitrary Executable File Formats File System Automount Point.
[[0;32m  OK  [0m] Set up automount Arbitrary Executab...ats File System Automount Point.
[   11.477862] systemd[1]: Listening on Syslog Socket.
[[0;32m  OK  [0m] Listening on Syslog Socket.
[   11.487952] systemd[1]: Listening on fsck to fsckd communication Socket.
[[0;32m  OK  [0m] Listening on fsck to fsckd communication Socket.
[   11.500312] systemd[1]: Reached target User and Group Name Lookups.
[[0;32m  OK  [0m] Reached target User and Group Name Lookups.
[   11.510419] systemd[1]: Started Trigger resolvconf update for networkd DNS.
[[0;32m  OK  [0m] Started Trigger resolvconf update for networkd DNS.
[   11.522892] systemd[1]: Listening on /dev/initctl Compatibility Named Pipe.
[[0;32m  OK  [0m] Listening on /dev/initctl Compatibility Named Pipe.
[   11.534472] systemd[1]: Reached target System Time Synchronized.
[[0;32m  OK  [0m] Reached target System Time Synchronized.
[   11.545323] systemd[1]: Started Forward Password Requests to Wall Directory Watch.
[[0;32m  OK  [0m] Started Forward Password Requests to Wall Directory Watch.
[   11.557989] systemd[1]: Listening on Journal Socket.
[[0;32m  OK  [0m] Listening on Journal Socket.
[   11.580756] systemd[1]: Mounting Huge Pages File System...
[   11.585973] random: nonblocking pool is initialized
         Mounting Huge Pages File System...
[   11.598124] systemd[1]: Starting Load Kernel Modules...
         Starting Load Kernel Modules...
[   11.613669] systemd[1]: Starting Set console keymap...
         Starting Set console keymap...[   11.626287] Loading iSCSI transport class v2.0-870.

[   11.631247] systemd[1]: Starting Nameserver information manager...
         Starting Nameserver information manager...
[   11.646324] systemd[1]: Mounting POSIX Message Queue File System...
         Mounting POSIX Message Queue File System...
[   11.658579] iscsi: registered transport (tcp)
[   11.664445] systemd[1]: Starting File System Check on Root Device...
         Starting File System Check on Root Device...
[   11.677424] systemd[1]: Mounting Debug File System...
         Mounting Debug File System...
[   11.690348] systemd[1]: Starting Monitoring of LVM2 mirrors, snapshots etc. using dmeventd or progress polling...
         Starting Monitoring of LVM2 mirrors... dmeventd or progress polling...
[   11.708520] systemd[1]: Starting Create list of required static device nodes for the current kernel...
         Starting Create list of required st... nodes for the current kernel...
[   11.731970] systemd[1]: Starting Uncomplicated firewall...
         Starting Uncomplicated firewall...
[   11.743157] systemd[1]: Listening on Journal Socket (/dev/log).
[[0;32m  OK  [0m] Listening on Journal Socket (/dev/log).
[   11.759809] systemd[1]: Starting Journal Service...
         Starting Journal Service...
[   11.769978] systemd[1]: Reached target Swap.
[[0;32m  OK  [0m] Reached target Swap.
[   11.791025] systemd[1]: Reached target Slices.
[[0;32m  OK  [0m] Reached target Slices.
[   11.815664] iscsi: registered transport (iser)
[   11.819997] systemd[1]: Mounted Huge Pages File System.
[[0;32m  OK  [0m] Mounted Huge Pages File System.
[   11.829787] systemd[1]: Mounted POSIX Message Queue File System.
[[0;32m  OK  [0m] Mounted POSIX Message Queue File System.
[   11.839222] systemd[1]: Mounted Debug File System.
[[0;32m  OK  [0m] Mounted Debug File System.
[   11.848002] systemd[1]: Started Journal Service.
[[0;32m  OK  [0m] Started Journal Service.
[[0;32m  OK  [0m] Started Load Kernel Modules.
[[0;32m  OK  [0m] Started Set console keymap.
[[0;32m  OK  [0m] Started File System Check on Root Device.
[[0;32m  OK  [0m] Started Create list of required sta...ce nodes for the current kernel.
[[0;32m  OK  [0m] Started Uncomplicated firewall.
[[0;32m  OK  [0m] Started Nameserver information manager.
[[0;32m  OK  [0m] Started File System Check Daemon to report status.
[[0;32m  OK  [0m] Started LVM2 metadata daemon.
         Starting Create Static Device Nodes in /dev...
         Starting Remount Root and Kernel File Systems...
[   11.936197] EXT4-fs (sda1): re-mounted. Opts: (null)
         Starting Apply Kernel Variables...
         Mounting FUSE Control File System...
[[0;32m  OK  [0m] Started Remount Root and Kernel File Systems.
[[0;32m  OK  [0m] Started Create Static Device Nodes in /dev.
[[0;32m  OK  [0m] Started Apply Kernel Variables.
[[0;32m  OK  [0m] Mounted FUSE Control File System.
         Starting udev Kernel Device Manager...
         Starting udev Coldplug all Devices...
         Starting Flush Journal to Persistent Storage...
         Starting Load/Save Random Seed...
[[0;32m  OK  [0m] Started Load/Save Random Seed.
[[0;32m  OK  [0m] Started Flush Journal to Persistent Storage.
[[0;32m  OK  [0m] Started udev Kernel Device Manager.
[[0;32m  OK  [0m] Started udev Coldplug all Devices.
[[0;32m  OK  [0m] Started Dispatch Password Requests to Console Directory Watch.
[[0;32m  OK  [0m] Started Monitoring of LVM2 mirrors,...ng dmeventd or progress polling.
[[0;32m  OK  [0m] Reached target Local File Systems (Pre).
[[0;32m  OK  [0m] Reached target Local File Systems.
         Starting Tell Plymouth To Write Out Runtime Data...
         Starting Set console font and keymap...
         Starting Create Volatile Files and Directories...
         Starting Initial cloud-init job (pre-networking)...
         Starting Commit a transient machine-id on disk...
         Starting LSB: AppArmor initialization...
[[0;32m  OK  [0m] Started Tell Plymouth To Write Out Runtime Data.
[[0;32m  OK  [0m] Started Create Volatile Files and Directories.
         Starting Update UTMP about System Boot/Shutdown...
[[0;32m  OK  [0m] Started Commit a transient machine-id on disk.
[[0;32m  OK  [0m] Started Update UTMP about System Boot/Shutdown.
[[0;32m  OK  [0m] Found device /dev/ttyS0.
[[0;32m  OK  [0m] Listening on Load/Save RF Kill Switch Status /dev/rfkill Watch.
[[0;32m  OK  [0m] Started LSB: AppArmor initialization.
[   13.688385] cloud-init[484]: Cloud-init v. 21.1-19-gbad84ad4-0ubuntu1~16.04.2 running 'init-local' at Mon, 27 Feb 2023 13:23:59 +0000. Up 13.24 seconds.
         Starting Load AppArmor profiles managed internally by snapd...
[[0;32m  OK  [0m] Started Initial cloud-init job (pre-networking).
[[0;32m  OK  [0m] Started Load AppArmor profiles managed internally by snapd.
[[0;32m  OK  [0m] Reached target Network (Pre).
         Starting Raise network interfaces...
[[0;32m  OK  [0m] Started Set console font and keymap.
[[0;32m  OK  [0m] Created slice system-getty.slice.
[[0;32m  OK  [0m] Started Raise network interfaces.
         Starting Initial cloud-init job (metadata service crawler)...
[[0;32m  OK  [0m] Reached target Network.
[   15.446964] cloud-init[938]: Cloud-init v. 21.1-19-gbad84ad4-0ubuntu1~16.04.2 running 'init' at Mon, 27 Feb 2023 13:24:00 +0000. Up 14.86 seconds.
[   15.454471] cloud-init[938]: ci-info: ++++++++++++++++++++++++++++++++++++++Net device info++++++++++++++++++++++++++++++++++++++
[   15.461043] cloud-init[938]: ci-info: +--------+------+----------------------------+---------------+--------+-------------------+
[   15.467547] cloud-init[938]: ci-info: | Device |  Up  |          Address           |      Mask     | Scope  |     Hw-Address    |
[   15.474504] cloud-init[938]: ci-info: +--------+------+----------------------------+---------------+--------+-------------------+[
[   15.481053] cloud-init[938]: ci-info: | enp0s3 | True |         10.0.2.15          | 255.255.255.0 | global | 02:be:82:6b:cc:1d |
[   15.481208] cloud-init[938]: ci-info: | enp0s3 | True | fe80::be:82ff:fe6b:cc1d/64 |       .       |  link  | 02:be:82:6b:cc:1d |
[   15.481590] cloud-init[938]: ci-info: |   lo   | True |         127.0.0.1          |   255.0.0.0   |  host  |         .         |
[   15.481908] cloud-init[938]: ci-info: |   lo   | True |          ::1/128           |       .       |  host  |         .         |
[   15.482212] cloud-init[938]: ci-info: +--------+------+----------------------------+---------------+--------+-------------------+
[   15.482516] cloud-init[938]: ci-info: +++++++++++++++++++++++++++Route IPv4 info++++++++++++++++++++++++++++
[   15.482832] cloud-init[938]: ci-info: +-------+-------------+----------+---------------+-----------+-------+
[   15.483134] cloud-init[938]: ci-info: | Route | Destination | Gateway  |    Genmask    | Interface | Flags |
[   15.483441] cloud-init[938]: ci-info: +-------+-------------+----------+---------------+-----------+-------+
[   15.483749] cloud-init[938]: ci-info: |   0   |   0.0.0.0   | 10.0.2.2 |    0.0.0.0    |   enp0s3  |   UG  |
[   15.484413] cloud-init[938]: ci-info: |   1   |   10.0.2.0  | 0.0.0.0  | 255.255.255.0 |   enp0s3  |   U   |
[   15.484730] cloud-init[938]: ci-info: +-------+-------------+----------+---------------+-----------+-------+
[   15.485031] cloud-init[938]: ci-info: +++++++++++++++++++Route IPv6 info+++++++++++++++++++
[   15.485335] cloud-init[938]: ci-info: +-------+-------------+---------+-----------+-------+
[   15.485655] cloud-init[938]: ci-info: | Route | Destination | Gateway | Interface | Flags |
[   15.485955] cloud-init[938]: ci-info: +-------+-------------+---------+-----------+-------+
[   15.486257] cloud-init[938]: ci-info: |   0   |  fe80::/64  |    ::   |   enp0s3  |   U   |
[   15.486564] cloud-init[938]: ci-info: |   3   |   ff00::/8  |    ::   |   enp0s3  |   U   |
[   15.486873] cloud-init[938]: ci-info: +-------+-------------+---------+-----------+-------+
[   15.487186] cloud-init[938]: Generating public/private rsa key pair.
[   15.487482] cloud-init[938]: Your identification has been saved in /etc/ssh/ssh_host_rsa_key.
[   15.487800] cloud-init[938]: Your public key has been saved in /etc/ssh/ssh_host_rsa_key.pub.
[   15.488555] cloud-init[938]: The key fingerprint is:
[   15.488854] cloud-init[938]: SHA256:GwfBUeuQbkXeNzJseEk1/WOuDIIIVTKuZrt6iJT/quE root@ubuntu-xenial
[   15.489168] cloud-init[938]: The key's randomart image is:
[   15.489498] cloud-init[938]: +---[RSA 2048]----+
[   15.489807] cloud-init[938]: |     o.oooo ..o. |
[   15.490111] cloud-init[938]: |    ..o .= * . ..|
[   15.490414] cloud-init[938]: |    ..  + = O o .|
[   15.490723] cloud-init[938]: |   ..  . = o + +.|
[   15.491027] cloud-init[938]: |  .+. . S o   o .|
[   15.491331] cloud-init[938]: | oo .. o = .   . |
[   15.491639] cloud-init[938]: |o.o.    . . o .  |
[   15.491947] cloud-init[938]: |o..o.        o   |
[   15.492780] cloud-init[938]: | E+oo.           |
[   15.493082] cloud-init[938]: +----[SHA256]-----+
[   15.493389] cloud-init[938]: Generating public/private dsa key pair.
[   15.493705] cloud-init[938]: Your identification has been saved in /etc/ssh/ssh_host_dsa_key.
[   15.493980] cloud-init[938]: Your public key has been saved in /etc/ssh/ssh_host_dsa_key.pub.
[   15.494283] cloud-init[938]: The key fingerprint is:
[   15.494591] cloud-init[938]: SHA256:S8q1xoFGeIOBESrSV49WEm0g7+5cMaioQLpanFJv9Cg root@ubuntu-xenial
[   15.494896] cloud-init[938]: The key's randomart image is:
[   15.495205] cloud-init[938]: +---[DSA 1024]----+
[   15.495548] cloud-init[938]: |  o+o =+.        |
[   15.495879] cloud-init[938]: | o.  B =o        |
[   15.496590] cloud-init[938]: |+ . + B..        |
[   15.496914] cloud-init[938]: |o  . = +         |
[   15.497237] cloud-init[938]: | .. . = S        |
[   15.497579] cloud-init[938]: |oo = B = *       |
[   15.497874] cloud-init[938]: |+ E = = *        |
[   15.498176] cloud-init[938]: |.= o o o         |
[   15.498521] cloud-init[938]: |=     o          |
[   15.498821] cloud-init[938]: +----[SHA256]-----+
[   15.499127] cloud-init[938]: Generating public/private ecdsa key pair.
[   15.499443] cloud-init[938]: Your identification has been saved in /etc/ssh/ssh_host_ecdsa_key.
[   15.499751] cloud-init[938]: Your public key has been saved in /etc/ssh/ssh_host_ecdsa_key.pub.
[   15.500196] cloud-init[938]: The key fingerprint is:
[   15.500412] cloud-init[938]: SHA256:fNmOsJWMuzWSmuYP9eXVGzYEkAvJ5paYS8Cts5/d4Ro root@ubuntu-xenial
[   15.500732] cloud-init[938]: The key's randomart image is:
[   15.501072] cloud-init[938]: +---[ECDSA 256]---+
[   15.501404] cloud-init[938]: |    . . . ..o.   |
[   15.501463] cloud-init[938]: |     o . = .  .  |
[   15.501517] cloud-init[938]: |      o = o .  . |
[   15.501582] cloud-init[938]: |     o = * =  .. |
[   15.501945] cloud-init[938]: |      + S * o .+.|
[   15.502261] cloud-init[938]: |     . o O * .. +|
[   15.586203] cloud-init[938]: |      o BEB +  . |
[   15.586437] cloud-init[938]: |      .* =.+     |
[   15.586735] cloud-init[938]: |     o+.o..      |
[   15.587039] cloud-init[938]: +----[SHA256]-----+
[   15.587346] cloud-init[938]: Generating public/private ed25519 key pair.
[   15.587655] cloud-init[938]: Your identification has been saved in /etc/ssh/ssh_host_ed25519_key.
[   15.587960] cloud-init[938]: Your public key has been saved in /etc/ssh/ssh_host_ed25519_key.pub.
[   15.588622] cloud-init[938]: The key fingerprint is:
[   15.588928] cloud-init[938]: SHA256:hcO/pYUS7guzHHNsdgY9I7CPOAsAFmbOnpN2TsV3rSI root@ubuntu-xenial
[   15.589238] cloud-init[938]: The key's randomart image is:
[   15.589540] cloud-init[938]: +--[ED25519 256]--+
[   15.589849] cloud-init[938]: | +               |
[   15.590165] cloud-init[938]: |= . .  . ..      |
[   15.590465] cloud-init[938]: |.+   o..=...     |
[   15.590770] cloud-init[938]: |+ o . .+.*..     |
[   15.591083] cloud-init[938]: |.* o E..S.* o    |
[   15.591387] cloud-init[938]: |..=  ..=.+ B     |
[   15.591692] cloud-init[938]: |  ..o * B =      |
[   15.591999] cloud-init[938]: |   . + X +       |
[   15.593065] cloud-init[938]: |    . o .        |
[   15.593230] cloud-init[938]: +----[SHA256]-----+
[0;32m  OK  [0m] Started Initial cloud-init job (metadata service crawler).
[[0;32m  OK  [0m] Reached target System Initialization.
[[0;32m  OK  [0m] Started Ubuntu Advantage update messaging.
[[0;32m  OK  [0m] Listening on UUID daemon activation socket.
         Starting LXD - unix socket.
[[0;32m  OK  [0m] Started Daily apt download activities.
[[0;32m  OK  [0m] Started Daily apt upgrade and clean activities.
[[0;32m  OK  [0m] Started Daily Cleanup of Temporary Directories.
[[0;32m  OK  [0m] Listening on ACPID Listen Socket.
[[0;32m  OK  [0m] Listening on D-Bus System Message Bus Socket.
         Starting Socket activation for snappy daemon.
[[0;32m  OK  [0m] Started Message of the Day.
[[0;32m  OK  [0m] Reached target Timers.
[[0;32m  OK  [0m] Started ACPI Events Check.
[[0;32m  OK  [0m] Reached target Paths.
[[0;32m  OK  [0m] Reached target Cloud-config availability.
[[0;32m  OK  [0m] Reached target Network is Online.
         Starting iSCSI initiator daemon (iscsid)...
[[0;32m  OK  [0m] Listening on LXD - unix socket.
[[0;32m  OK  [0m] Listening on Socket activation for snappy daemon.
[[0;32m  OK  [0m] Reached target Sockets.
[[0;32m  OK  [0m] Reached target Basic System.
[[0;32m  OK  [0m] Started FUSE filesystem for LXC.
         Starting LXD - container startup/shutdown...
         Starting /etc/rc.local Compatibility...
[[0;32m  OK  [0m] Started ACPI event daemon.
         Starting System Logging Service...
         Starting Pollinate to seed the pseudo random number generator...
[[0;32m  OK  [0m] Started D-Bus System Message Bus.
         Starting Login Service...
         Starting LSB: Record successful boot for GRUB...
[[0;32m  OK  [0m] Started Deferred execution scheduler.
         Starting LSB: MD monitoring daemon...
         Starting Virtualbox guest utils...
[[0;32m  OK  [0m] Started Regular background program processing daemon.
         Starting Snap Daemon...
         Starting Accounts Service...
[[0;32m  OK  [0m] Started System Logging Service.
[[0;32m  OK  [0m] Started iSCSI initiator daemon (iscsid).
[[0;32m  OK  [0m] Started /etc/rc.local Compatibility.
         Starting Login to default iSCSI targets...
[[0;32m  OK  [0m] Started Login Service.
[[0;32m  OK  [0m] Started Unattended Upgrades Shutdown.
[[0;32m  OK  [0m] Started LSB: Record successful boot for GRUB.
[[0;32m  OK  [0m] Started LSB: MD monitoring daemon.
[[0;32m  OK  [0m] Started Login to default iSCSI targets.
[[0;32m  OK  [0m] Reached target Remote File Systems (Pre).
[[0;32m  OK  [0m] Reached target Remote File Systems.
         Starting LSB: Set the CPU Frequency Scaling governor to "ondemand"...
         Starting Permit User Sessions...
         Starting LSB: daemon to balance interrupts for SMP systems...
         Starting LSB: automatic crash report generation...
[[0;32m  OK  [0m] Started LXD - container startup/shutdown.
[[0;32m  OK  [0m] Started Permit User Sessions.
         Starting Hold until boot process finishes up...
         Starting Terminate Plymouth Boot Screen...
[[0;32m  OK  [0m] Started Hold until boot process finishes up.
         Starting Set console scheme...
[[0;32m  OK  [0m] Started Serial Getty on ttyS0.
[[0;32m  OK  [0m] Started Getty on tty1.
[[0;32m  OK  [0m] Reached target Login Prompts.
[[0;32m  OK  [0m] Started Terminate Plymouth Boot Screen.
[[0;32m  OK  [0m] Started Set console scheme.
         Starting Authenticate and Authorize Users to Run Privileged Tasks...
[[0;32m  OK  [0m] Started LSB: Set the CPU Frequency Scaling governor to "ondemand".
[[0;32m  OK  [0m] Started LSB: daemon to balance interrupts for SMP systems.
[[0;32m  OK  [0m] Started LSB: automatic crash report generation.
[[0;32m  OK  [0m] Started Authenticate and Authorize Users to Run Privileged Tasks.
[[0;32m  OK  [0m] Started Accounts Service.
[[0;32m  OK  [0m] Started Virtualbox guest utils.
[[0;32m  OK  [0m] Started Snap Daemon.
         Starting Wait until snapd is fully seeded...
[[0;32m  OK  [0m] Started Wait until snapd is fully seeded.
         Starting Apply the settings specified in cloud-config...
[[0;32m  OK  [0m] Started Pollinate to seed the pseudo random number generator.
         Starting OpenBSD Secure Shell server...
[[0;32m  OK  [0m] Started OpenBSD Secure Shell server.
[[0;32m  OK  [0m] Reached target Multi-User System.
[[0;32m  OK  [0m] Reached target Graphical Interface.
         Starting Update UTMP about System Runlevel Changes...
[[0;32m  OK  [0m] Started Update UTMP about System Runlevel Changes.
[   18.100606] cloud-init[1255]: Generating locales (this might take a while)...
[[0;32m  OK  [0m] Created slice User Slice of vagrant.
         Starting User Manager for UID 1000...
[[0;32m  OK  [0m] Started Session 1 of user vagrant.
[[0;32m  OK  [0m] Started User Manager for UID 1000.
[   19.244214] cloud-init[1255]:   en_US.UTF-8... done
[   19.250681] cloud-init[1255]: Generation complete.
[   19.625733] cloud-init[1255]: Cloud-init v. 21.1-19-gbad84ad4-0ubuntu1~16.04.2 running 'modules:config' at Mon, 27 Feb 2023 13:24:03 +0000. Up 17.92 seconds.
[[0;32m  OK  [0m] Started Apply the settings specified in cloud-config.
         Starting Execute cloud user/final scripts...
ci-info: no authorized SSH keys fingerprints found for user ubuntu.
<14>Feb 27 13:24:06 ec2: 
<14>Feb 27 13:24:06 ec2: #############################################################
<14>Feb 27 13:24:06 ec2: -----BEGIN SSH HOST KEY FINGERPRINTS-----
<14>Feb 27 13:24:06 ec2: 1024 SHA256:S8q1xoFGeIOBESrSV49WEm0g7+5cMaioQLpanFJv9Cg root@ubuntu-xenial (DSA)
<14>Feb 27 13:24:06 ec2: 256 SHA256:fNmOsJWMuzWSmuYP9eXVGzYEkAvJ5paYS8Cts5/d4Ro root@ubuntu-xenial (ECDSA)
<14>Feb 27 13:24:06 ec2: 256 SHA256:hcO/pYUS7guzHHNsdgY9I7CPOAsAFmbOnpN2TsV3rSI root@ubuntu-xenial (ED25519)
<14>Feb 27 13:24:06 ec2: 2048 SHA256:GwfBUeuQbkXeNzJseEk1/WOuDIIIVTKuZrt6iJT/quE root@ubuntu-xenial (RSA)
<14>Feb 27 13:24:06 ec2: -----END SSH HOST KEY FINGERPRINTS-----
<14>Feb 27 13:24:06 ec2: #############################################################
-----BEGIN SSH HOST KEY KEYS-----
ecdsa-sha2-nistp256 AAAAE2VjZHNhLXNoYTItbmlzdHAyNTYAAAAIbmlzdHAyNTYAAABBBI0j/M1d/1ANe4O/2C6125tT5hfgv/IU2OmR1TQp6RAqPAGQF4DDzqmN5aIrBK9rq3o02gHz1G6xkPL57Y9pYkI= root@ubuntu-xenial
ssh-ed25519 AAAAC3NzaC1lZDI1NTE5AAAAIApztdgxbo8r8c7lRqgFezaJ6hpdid9oIzmDHVRGqKCt root@ubuntu-xenial
ssh-rsa AAAAB3NzaC1yc2EAAAADAQABAAABAQDLSyRdv5Zm481WEeclMa9Un9juSU9O8Kog5NyGNFsCK1O3DQfNwcfJJzneE9WdlpdkooyspqAy/HgEvdOZalwRyaa9vbH6K5msSEY7qyqficzifd61TWAWVeddg7TCnkI5X/gvtM2jqZjSm76XTULndimrhqoj3NLe6b3rEwCyzXf313uNwAjQoCy2uKx0WaraGrub2NYDgXjhrD+7ZjhuxCiFELuX9+bZAIu0aInr9zncZ9hMlsowxL027xC4lC5IfeHfxs2XnQXotrrfwS8oc2SpJAy1SOndamXhd+rThXbHayA7B06xx5ZZg/wvYwAs0jhYE57GbYc9zhzZVNUH root@ubuntu-xenial
-----END SSH HOST KEY KEYS-----
[   20.243390] cloud-init[1388]: Cloud-init v. 21.1-19-gbad84ad4-0ubuntu1~16.04.2 running 'modules:final' at Mon, 27 Feb 2023 13:24:05 +0000. Up 19.99 seconds.
[   20.253040] cloud-init[1388]: ci-info: no authorized SSH keys fingerprints found for user ubuntu.
[   20.261149] cloud-init[1388]: Cloud-init v. 21.1-19-gbad84ad4-0ubuntu1~16.04.2 finished at Mon, 27 Feb 2023 13:24:06 +0000. Datasource DataSourceNoCloud [seed=/dev/sdb][dsmode=net].  Up 20.23 seconds
[[0;32m  OK  [0m] Started Execute cloud user/final scripts.
[[0;32m  OK  [0m] Reached target Cloud-init target.

Ubuntu 16.04.7 LTS ubuntu-xenial ttyS0

ubuntu-xenial login: 